<?xml version="1.0" encoding="UTF-8"?>
<!-- Generated by org.testng.reporters.JUnitXMLReporter -->
<testsuite ignored="3" hostname="DESKTOP-9GTL4K1" failures="0" tests="13" name="Test" time="1.821" errors="0" timestamp="2023-03-27T09:11:12 IST">
  <testcase classname="Utilities.WebDriverManager" name="@BeforeSuite startTest" time="-1.679888470148E9">
    <failure type="org.testng.TestNGException" message="
Can inject only one of &amp;lt;ITestContext, XmlTest&amp;gt; into a @BeforeSuite annotated startTest.
For more information on native dependency injection please refer to https://testng.org/doc/documentation-main.html#native-dependency-injection">
      <![CDATA[org.testng.TestNGException: 
Can inject only one of <ITestContext, XmlTest> into a @BeforeSuite annotated startTest.
For more information on native dependency injection please refer to https://testng.org/doc/documentation-main.html#native-dependency-injection
... Removed 16 stack frames]]>
    </failure>
  </testcase> <!-- @BeforeSuite startTest -->
  <testcase classname="testng.BrandPage" name="@BeforeTest beforeTest" time="-1.679888470174E9">
    <skipped/>
  </testcase> <!-- @BeforeTest beforeTest -->
  <testcase classname="testng.CategoryPage" name="@BeforeTest beforeTest" time="-1.679888470184E9">
    <skipped/>
  </testcase> <!-- @BeforeTest beforeTest -->
  <testcase classname="Utilities.WebDriverManager" name="@AfterMethod afterMethod" time="-1.679888470312E9">
    <skipped/>
  </testcase> <!-- @AfterMethod afterMethod -->
  <testcase classname="Utilities.WebDriverManager" name="@AfterMethod afterMethod" time="-1.679888470366E9">
    <skipped/>
  </testcase> <!-- @AfterMethod afterMethod -->
  <testcase classname="Utilities.WebDriverManager" name="@AfterMethod afterMethod" time="-1.679888470381E9">
    <skipped/>
  </testcase> <!-- @AfterMethod afterMethod -->
  <testcase classname="Utilities.WebDriverManager" name="@AfterMethod afterMethod" time="-1.679888470406E9">
    <skipped/>
  </testcase> <!-- @AfterMethod afterMethod -->
  <testcase classname="Utilities.WebDriverManager" name="@AfterMethod afterMethod" time="-1.679888470422E9">
    <skipped/>
  </testcase> <!-- @AfterMethod afterMethod -->
  <testcase classname="Utilities.WebDriverManager" name="@AfterMethod afterMethod" time="-1.67988847045E9">
    <skipped/>
  </testcase> <!-- @AfterMethod afterMethod -->
  <testcase classname="Utilities.WebDriverManager" name="@AfterMethod afterMethod" time="-1.679888471863E9">
    <skipped/>
  </testcase> <!-- @AfterMethod afterMethod -->
  <testcase classname="Utilities.WebDriverManager" name="@AfterMethod afterMethod" time="-1.679888471874E9">
    <skipped/>
  </testcase> <!-- @AfterMethod afterMethod -->
  <testcase classname="Utilities.WebDriverManager" name="@AfterMethod afterMethod" time="-1.679888471885E9">
    <skipped/>
  </testcase> <!-- @AfterMethod afterMethod -->
  <testcase classname="Utilities.WebDriverManager" name="@AfterMethod afterMethod" time="-1.679888471906E9">
    <skipped/>
  </testcase> <!-- @AfterMethod afterMethod -->
  <testcase classname="Utilities.WebDriverManager" name="@AfterMethod afterMethod" time="-1.679888471933E9">
    <skipped/>
  </testcase> <!-- @AfterMethod afterMethod -->
  <testcase classname="Utilities.WebDriverManager" name="@AfterMethod afterMethod" time="-1.679888471964E9">
    <skipped/>
  </testcase> <!-- @AfterMethod afterMethod -->
  <testcase classname="Utilities.WebDriverManager" name="@AfterMethod afterMethod" time="-1.679888471979E9">
    <skipped/>
  </testcase> <!-- @AfterMethod afterMethod -->
  <testcase classname="testng.BrandPage" name="@AfterTest afterTest" time="-1.679888471986E9">
    <skipped/>
  </testcase> <!-- @AfterTest afterTest -->
  <testcase classname="testng.CategoryPage" name="@AfterTest afterTest" time="-1.679888471987E9">
    <skipped/>
  </testcase> <!-- @AfterTest afterTest -->
  <testcase classname="testng.CategoryPage" name="t001_categoryAdd" time="0.0">
    <skipped/>
  </testcase> <!-- t001_categoryAdd -->
  <testcase classname="testng.CategoryPage" name="t002_categorySearch" time="0.0">
    <skipped/>
  </testcase> <!-- t002_categorySearch -->
  <testcase classname="testng.CategoryPage" name="t003_categoryDeleteConfirm" time="0.0">
    <skipped/>
  </testcase> <!-- t003_categoryDeleteConfirm -->
  <testcase classname="testng.CategoryPage" name="t004_categoryDeleteCancel" time="0.0">
    <skipped/>
  </testcase> <!-- t004_categoryDeleteCancel -->
  <testcase classname="testng.CategoryPage" name="t005_categoryEdit" time="0.0">
    <skipped/>
  </testcase> <!-- t005_categoryEdit -->
  <testcase classname="testng.CategoryPage" name="t006_categoryEntries" time="0.0">
    <skipped/>
  </testcase> <!-- t006_categoryEntries -->
  <testcase classname="testng.BrandPage" name="t001_brandsAdd" time="0.0">
    <skipped/>
  </testcase> <!-- t001_brandsAdd -->
  <testcase classname="testng.BrandPage" name="t001_brandsAdd" time="0.0">
    <skipped/>
  </testcase> <!-- t001_brandsAdd -->
  <testcase classname="testng.BrandPage" name="t002_brandSearch" time="0.0">
    <skipped/>
  </testcase> <!-- t002_brandSearch -->
  <testcase classname="testng.BrandPage" name="t003_brandDeleteConfirm" time="0.0">
    <skipped/>
  </testcase> <!-- t003_brandDeleteConfirm -->
  <testcase classname="testng.BrandPage" name="t004_brandDeleteCancel" time="0.0">
    <skipped/>
  </testcase> <!-- t004_brandDeleteCancel -->
  <testcase classname="testng.BrandPage" name="t005_brandEdit" time="0.0">
    <skipped/>
  </testcase> <!-- t005_brandEdit -->
  <testcase classname="testng.BrandPage" name="t006_brandEntries" time="0.0">
    <skipped/>
  </testcase> <!-- t006_brandEntries -->
  <testcase classname="Utilities.WebDriverManager" name="@BeforeSuite setupSuite" time="0.0">
    <ignored/>
  </testcase> <!-- @BeforeSuite setupSuite -->
  <testcase classname="Utilities.WebDriverManager" name="@BeforeSuite startTest" time="0.0">
    <ignored/>
  </testcase> <!-- @BeforeSuite startTest -->
  <testcase classname="Utilities.WebDriverManager" name="@AfterSuite endTest" time="0.0">
    <ignored/>
  </testcase> <!-- @AfterSuite endTest -->
</testsuite> <!-- Test -->
